android/app/build/intermediates/manifest_merge_blame_file/release/manifest-merger-blame-release-report.txt
1<?xml version="1.0" encoding="utf-8"?>
2<manifest xmlns:android="http://schemas.android.com/apk/res/android"
3    package="com.cmcodes.studify"
4    android:versionCode="2"
5    android:versionName="2.0" >
6
7    <uses-sdk
8        android:minSdkVersion="16"
8-->src\main\AndroidManifest.xml
9        android:targetSdkVersion="28" />
9-->src\main\AndroidManifest.xml
10
11    <uses-permission android:name="android.permission.INTERNET" />
11-->src\main\AndroidManifest.xml:4:5-67
11-->src\main\AndroidManifest.xml:4:22-64
12    <uses-permission android:name="android.permission.CAMERA" />
12-->src\main\AndroidManifest.xml:5:5-65
12-->src\main\AndroidManifest.xml:5:22-62
13    <uses-permission android:name="android.permission.WRITE_EXTERNAL_STORAGE" />
13-->src\main\AndroidManifest.xml:6:5-80
13-->src\main\AndroidManifest.xml:6:22-78
14    <uses-permission android:name="android.permission.ACCESS_NETWORK_STATE" />
14-->[com.google.android.gms:play-services-measurement:17.2.2] AndroidManifest.xml:24:5-79
14-->[com.google.android.gms:play-services-measurement:17.2.2] AndroidManifest.xml:24:22-76
15    <uses-permission android:name="android.permission.WAKE_LOCK" />
15-->[com.google.android.gms:play-services-measurement:17.2.2] AndroidManifest.xml:25:5-68
15-->[com.google.android.gms:play-services-measurement:17.2.2] AndroidManifest.xml:25:22-65
16    <uses-permission android:name="com.google.android.finsky.permission.BIND_GET_INSTALL_REFERRER_SERVICE" /> <!-- Required by older versions of Google Play services to create IID tokens -->
16-->[com.google.android.gms:play-services-measurement:17.2.2] AndroidManifest.xml:26:5-110
16-->[com.google.android.gms:play-services-measurement:17.2.2] AndroidManifest.xml:26:22-107
17    <uses-permission android:name="com.google.android.c2dm.permission.RECEIVE" />
17-->[com.google.firebase:firebase-iid:20.0.2] AndroidManifest.xml:26:5-82
17-->[com.google.firebase:firebase-iid:20.0.2] AndroidManifest.xml:26:22-79
18
19    <application
19-->src\main\AndroidManifest.xml:8:5-28:19
20        android:name="com.cmcodes.studify.MainApplication"
20-->src\main\AndroidManifest.xml:9:7-38
21        android:allowBackup="false"
21-->src\main\AndroidManifest.xml:13:7-34
22        android:appComponentFactory="androidx.core.app.CoreComponentFactory"
22-->[androidx.core:core:1.1.0] AndroidManifest.xml:24:18-86
23        android:icon="@mipmap/ic_launcher"
23-->src\main\AndroidManifest.xml:11:7-41
24        android:label="@string/app_name"
24-->src\main\AndroidManifest.xml:10:7-39
25        android:roundIcon="@mipmap/ic_launcher_round"
25-->src\main\AndroidManifest.xml:12:7-52
26        android:theme="@style/AppTheme" >
26-->src\main\AndroidManifest.xml:14:7-38
27        <activity
27-->src\main\AndroidManifest.xml:16:7-26:18
28            android:name="com.cmcodes.studify.MainActivity"
28-->src\main\AndroidManifest.xml:17:9-37
29            android:configChanges="keyboard|keyboardHidden|orientation|screenSize|uiMode"
29-->src\main\AndroidManifest.xml:19:9-86
30            android:label="@string/app_name"
30-->src\main\AndroidManifest.xml:18:9-41
31            android:launchMode="singleTask"
31-->src\main\AndroidManifest.xml:20:9-40
32            android:windowSoftInputMode="adjustResize" >
32-->src\main\AndroidManifest.xml:21:9-51
33            <intent-filter>
33-->src\main\AndroidManifest.xml:22:9-25:25
34                <action android:name="android.intent.action.MAIN" />
34-->src\main\AndroidManifest.xml:23:13-65
34-->src\main\AndroidManifest.xml:23:21-62
35
36                <category android:name="android.intent.category.LAUNCHER" />
36-->src\main\AndroidManifest.xml:24:13-73
36-->src\main\AndroidManifest.xml:24:23-70
37            </intent-filter>
38        </activity>
39        <activity android:name="com.facebook.react.devsupport.DevSettingsActivity" />
39-->src\main\AndroidManifest.xml:27:7-84
39-->src\main\AndroidManifest.xml:27:17-81
40        <activity
40-->[com.google.firebase:firebase-auth:19.3.1] AndroidManifest.xml:24:9-31:50
41            android:name="com.google.firebase.auth.internal.FederatedSignInActivity"
41-->[com.google.firebase:firebase-auth:19.3.1] AndroidManifest.xml:25:13-85
42            android:excludeFromRecents="true"
42-->[com.google.firebase:firebase-auth:19.3.1] AndroidManifest.xml:26:13-46
43            android:exported="true"
43-->[com.google.firebase:firebase-auth:19.3.1] AndroidManifest.xml:27:13-36
44            android:launchMode="singleTask"
44-->[com.google.firebase:firebase-auth:19.3.1] AndroidManifest.xml:28:13-44
45            android:permission="com.google.firebase.auth.api.gms.permission.LAUNCH_FEDERATED_SIGN_IN"
45-->[com.google.firebase:firebase-auth:19.3.1] AndroidManifest.xml:29:13-102
46            android:theme="@android:style/Theme.Translucent.NoTitleBar" />
46-->[com.google.firebase:firebase-auth:19.3.1] AndroidManifest.xml:30:13-72
47
48        <service
48-->[com.google.firebase:firebase-auth:19.3.1] AndroidManifest.xml:33:9-39:19
49            android:name="com.google.firebase.components.ComponentDiscoveryService"
49-->[com.google.firebase:firebase-auth:19.3.1] AndroidManifest.xml:34:13-84
50            android:directBootAware="true"
50-->[com.google.firebase:firebase-common:19.3.0] AndroidManifest.xml:34:13-43
51            android:exported="false" >
51-->[com.google.firebase:firebase-auth:19.3.1] AndroidManifest.xml:35:13-37
52            <meta-data
52-->[com.google.firebase:firebase-auth:19.3.1] AndroidManifest.xml:36:13-38:85
53                android:name="com.google.firebase.components:com.google.firebase.auth.FirebaseAuthRegistrar"
53-->[com.google.firebase:firebase-auth:19.3.1] AndroidManifest.xml:37:17-109
54                android:value="com.google.firebase.components.ComponentRegistrar" />
54-->[com.google.firebase:firebase-auth:19.3.1] AndroidManifest.xml:38:17-82
55            <meta-data
55-->[com.google.android.gms:play-services-measurement-api:17.2.2] AndroidManifest.xml:30:13-32:85
56                android:name="com.google.firebase.components:com.google.firebase.analytics.connector.internal.AnalyticsConnectorRegistrar"
56-->[com.google.android.gms:play-services-measurement-api:17.2.2] AndroidManifest.xml:31:17-139
57                android:value="com.google.firebase.components.ComponentRegistrar" />
57-->[com.google.android.gms:play-services-measurement-api:17.2.2] AndroidManifest.xml:32:17-82
58            <meta-data
58-->[com.google.firebase:firebase-iid:20.0.2] AndroidManifest.xml:32:13-34:85
59                android:name="com.google.firebase.components:com.google.firebase.iid.Registrar"
59-->[com.google.firebase:firebase-iid:20.0.2] AndroidManifest.xml:33:17-96
60                android:value="com.google.firebase.components.ComponentRegistrar" />
60-->[com.google.firebase:firebase-iid:20.0.2] AndroidManifest.xml:34:17-82
61        </service>
62
63        <provider
63-->[:react-native-image-picker] AndroidManifest.xml:10:9-18:20
64            android:name="com.imagepicker.FileProvider"
64-->[:react-native-image-picker] AndroidManifest.xml:11:13-56
65            android:authorities="com.cmcodes.studify.provider"
65-->[:react-native-image-picker] AndroidManifest.xml:12:13-60
66            android:exported="false"
66-->[:react-native-image-picker] AndroidManifest.xml:13:13-37
67            android:grantUriPermissions="true" >
67-->[:react-native-image-picker] AndroidManifest.xml:14:13-47
68            <meta-data
68-->[:react-native-image-picker] AndroidManifest.xml:15:13-17:58
69                android:name="android.support.FILE_PROVIDER_PATHS"
69-->[:react-native-image-picker] AndroidManifest.xml:16:17-67
70                android:resource="@xml/provider_paths" />
70-->[:react-native-image-picker] AndroidManifest.xml:17:17-55
71        </provider>
72
73        <receiver
73-->[com.google.android.gms:play-services-measurement:17.2.2] AndroidManifest.xml:29:9-33:20
74            android:name="com.google.android.gms.measurement.AppMeasurementReceiver"
74-->[com.google.android.gms:play-services-measurement:17.2.2] AndroidManifest.xml:30:13-85
75            android:enabled="true"
75-->[com.google.android.gms:play-services-measurement:17.2.2] AndroidManifest.xml:31:13-35
76            android:exported="false" >
76-->[com.google.android.gms:play-services-measurement:17.2.2] AndroidManifest.xml:32:13-37
77        </receiver>
78        <receiver
78-->[com.google.android.gms:play-services-measurement:17.2.2] AndroidManifest.xml:34:9-42:20
79            android:name="com.google.android.gms.measurement.AppMeasurementInstallReferrerReceiver"
79-->[com.google.android.gms:play-services-measurement:17.2.2] AndroidManifest.xml:35:13-100
80            android:enabled="true"
80-->[com.google.android.gms:play-services-measurement:17.2.2] AndroidManifest.xml:36:13-35
81            android:exported="true"
81-->[com.google.android.gms:play-services-measurement:17.2.2] AndroidManifest.xml:37:13-36
82            android:permission="android.permission.INSTALL_PACKAGES" >
82-->[com.google.android.gms:play-services-measurement:17.2.2] AndroidManifest.xml:38:13-69
83            <intent-filter>
83-->[com.google.android.gms:play-services-measurement:17.2.2] AndroidManifest.xml:39:13-41:29
84                <action android:name="com.android.vending.INSTALL_REFERRER" />
84-->[com.google.android.gms:play-services-measurement:17.2.2] AndroidManifest.xml:40:17-79
84-->[com.google.android.gms:play-services-measurement:17.2.2] AndroidManifest.xml:40:25-76
85            </intent-filter>
86        </receiver>
87
88        <service
88-->[com.google.android.gms:play-services-measurement:17.2.2] AndroidManifest.xml:44:9-47:40
89            android:name="com.google.android.gms.measurement.AppMeasurementService"
89-->[com.google.android.gms:play-services-measurement:17.2.2] AndroidManifest.xml:45:13-84
90            android:enabled="true"
90-->[com.google.android.gms:play-services-measurement:17.2.2] AndroidManifest.xml:46:13-35
91            android:exported="false" />
91-->[com.google.android.gms:play-services-measurement:17.2.2] AndroidManifest.xml:47:13-37
92        <service
92-->[com.google.android.gms:play-services-measurement:17.2.2] AndroidManifest.xml:48:9-52:72
93            android:name="com.google.android.gms.measurement.AppMeasurementJobService"
93-->[com.google.android.gms:play-services-measurement:17.2.2] AndroidManifest.xml:49:13-87
94            android:enabled="true"
94-->[com.google.android.gms:play-services-measurement:17.2.2] AndroidManifest.xml:50:13-35
95            android:exported="false"
95-->[com.google.android.gms:play-services-measurement:17.2.2] AndroidManifest.xml:51:13-37
96            android:permission="android.permission.BIND_JOB_SERVICE" />
96-->[com.google.android.gms:play-services-measurement:17.2.2] AndroidManifest.xml:52:13-69
97
98        <receiver
98-->[com.google.firebase:firebase-iid:20.0.2] AndroidManifest.xml:37:9-44:20
99            android:name="com.google.firebase.iid.FirebaseInstanceIdReceiver"
99-->[com.google.firebase:firebase-iid:20.0.2] AndroidManifest.xml:38:13-78
100            android:exported="true"
100-->[com.google.firebase:firebase-iid:20.0.2] AndroidManifest.xml:39:13-36
101            android:permission="com.google.android.c2dm.permission.SEND" >
101-->[com.google.firebase:firebase-iid:20.0.2] AndroidManifest.xml:40:13-73
102            <intent-filter>
102-->[com.google.firebase:firebase-iid:20.0.2] AndroidManifest.xml:41:13-43:29
103                <action android:name="com.google.android.c2dm.intent.RECEIVE" />
103-->[com.google.firebase:firebase-iid:20.0.2] AndroidManifest.xml:42:17-81
103-->[com.google.firebase:firebase-iid:20.0.2] AndroidManifest.xml:42:25-78
104            </intent-filter>
105        </receiver>
106
107        <activity
107-->[com.google.android.gms:play-services-base:17.1.0] AndroidManifest.xml:23:9-26:75
108            android:name="com.google.android.gms.common.api.GoogleApiActivity"
108-->[com.google.android.gms:play-services-base:17.1.0] AndroidManifest.xml:24:13-79
109            android:exported="false"
109-->[com.google.android.gms:play-services-base:17.1.0] AndroidManifest.xml:25:13-37
110            android:theme="@android:style/Theme.Translucent.NoTitleBar" />
110-->[com.google.android.gms:play-services-base:17.1.0] AndroidManifest.xml:26:13-72
111
112        <provider
112-->[com.google.firebase:firebase-common:19.3.0] AndroidManifest.xml:26:9-30:39
113            android:name="com.google.firebase.provider.FirebaseInitProvider"
113-->[com.google.firebase:firebase-common:19.3.0] AndroidManifest.xml:27:13-77
114            android:authorities="com.cmcodes.studify.firebaseinitprovider"
114-->[com.google.firebase:firebase-common:19.3.0] AndroidManifest.xml:28:13-72
115            android:exported="false"
115-->[com.google.firebase:firebase-common:19.3.0] AndroidManifest.xml:29:13-37
116            android:initOrder="100" />
116-->[com.google.firebase:firebase-common:19.3.0] AndroidManifest.xml:30:13-36
117
118        <meta-data
118-->[com.google.android.gms:play-services-basement:17.0.0] AndroidManifest.xml:23:9-25:69
119            android:name="com.google.android.gms.version"
119-->[com.google.android.gms:play-services-basement:17.0.0] AndroidManifest.xml:24:13-58
120            android:value="@integer/google_play_services_version" />
120-->[com.google.android.gms:play-services-basement:17.0.0] AndroidManifest.xml:25:13-66
121    </application>
122
123</manifest>